  Background.cpp
G:\Semester 4 - Web Game Programming with C++\Fantasy Halloween Shooter\src\Background.cpp(10,15): warning C4244: 'argument': conversion from 'T' to 'int', possible loss of data
          with
          [
              T=float
          ]
G:\Semester 4 - Web Game Programming with C++\Fantasy Halloween Shooter\src\Background.cpp(11,16): warning C4244: 'argument': conversion from 'T' to 'int', possible loss of data
          with
          [
              T=float
          ]
G:\Semester 4 - Web Game Programming with C++\Fantasy Halloween Shooter\src\Background.cpp(28,17): warning C4244: 'initializing': conversion from 'T' to 'int', possible loss of data
          with
          [
              T=float
          ]
G:\Semester 4 - Web Game Programming with C++\Fantasy Halloween Shooter\src\Background.cpp(29,17): warning C4244: 'initializing': conversion from 'T' to 'int', possible loss of data
          with
          [
              T=float
          ]
  Background1.cpp
G:\Semester 4 - Web Game Programming with C++\Fantasy Halloween Shooter\src\Background1.cpp(13,15): warning C4244: 'argument': conversion from 'T' to 'int', possible loss of data
          with
          [
              T=float
          ]
G:\Semester 4 - Web Game Programming with C++\Fantasy Halloween Shooter\src\Background1.cpp(14,16): warning C4244: 'argument': conversion from 'T' to 'int', possible loss of data
          with
          [
              T=float
          ]
G:\Semester 4 - Web Game Programming with C++\Fantasy Halloween Shooter\src\Background1.cpp(31,17): warning C4244: 'initializing': conversion from 'T' to 'int', possible loss of data
          with
          [
              T=float
          ]
G:\Semester 4 - Web Game Programming with C++\Fantasy Halloween Shooter\src\Background1.cpp(32,17): warning C4244: 'initializing': conversion from 'T' to 'int', possible loss of data
          with
          [
              T=float
          ]
  Bullet.cpp
G:\Semester 4 - Web Game Programming with C++\Fantasy Halloween Shooter\src\Bullet.cpp(29,17): warning C4244: 'initializing': conversion from 'T' to 'int', possible loss of data
          with
          [
              T=float
          ]
G:\Semester 4 - Web Game Programming with C++\Fantasy Halloween Shooter\src\Bullet.cpp(30,17): warning C4244: 'initializing': conversion from 'T' to 'int', possible loss of data
          with
          [
              T=float
          ]
  Button.cpp
G:\Semester 4 - Web Game Programming with C++\Fantasy Halloween Shooter\src\Button.cpp(11,15): warning C4244: 'argument': conversion from 'T' to 'int', possible loss of data
          with
          [
              T=float
          ]
G:\Semester 4 - Web Game Programming with C++\Fantasy Halloween Shooter\src\Button.cpp(12,16): warning C4244: 'argument': conversion from 'T' to 'int', possible loss of data
          with
          [
              T=float
          ]
G:\Semester 4 - Web Game Programming with C++\Fantasy Halloween Shooter\src\Button.cpp(23,17): warning C4244: 'initializing': conversion from 'T' to 'int', possible loss of data
          with
          [
              T=float
          ]
G:\Semester 4 - Web Game Programming with C++\Fantasy Halloween Shooter\src\Button.cpp(24,17): warning C4244: 'initializing': conversion from 'T' to 'int', possible loss of data
          with
          [
              T=float
          ]
G:\Semester 4 - Web Game Programming with C++\Fantasy Halloween Shooter\src\Button.cpp(54,41): warning C4244: 'initializing': conversion from 'double' to 'float', possible loss of data
G:\Semester 4 - Web Game Programming with C++\Fantasy Halloween Shooter\src\Button.cpp(54,23): warning C4244: 'initializing': conversion from 'double' to 'const float', possible loss of data
G:\Semester 4 - Web Game Programming with C++\Fantasy Halloween Shooter\src\Button.cpp(55,41): warning C4244: 'initializing': conversion from 'double' to 'float', possible loss of data
G:\Semester 4 - Web Game Programming with C++\Fantasy Halloween Shooter\src\Button.cpp(55,23): warning C4244: 'initializing': conversion from 'double' to 'const float', possible loss of data
G:\Semester 4 - Web Game Programming with C++\Fantasy Halloween Shooter\src\Button.cpp(56,30): warning C4244: 'initializing': conversion from 'int' to 'float', possible loss of data
G:\Semester 4 - Web Game Programming with C++\Fantasy Halloween Shooter\src\Button.cpp(56,20): warning C4244: 'initializing': conversion from 'int' to 'const float', possible loss of data
G:\Semester 4 - Web Game Programming with C++\Fantasy Halloween Shooter\src\Button.cpp(57,32): warning C4244: 'initializing': conversion from 'int' to 'float', possible loss of data
G:\Semester 4 - Web Game Programming with C++\Fantasy Halloween Shooter\src\Button.cpp(57,21): warning C4244: 'initializing': conversion from 'int' to 'const float', possible loss of data
  CollisionManager.cpp
G:\Semester 4 - Web Game Programming with C++\Fantasy Halloween Shooter\src\CollisionManager.cpp(10,15): warning C4244: 'initializing': conversion from 'T' to 'int', possible loss of data
          with
          [
              T=float
          ]
G:\Semester 4 - Web Game Programming with C++\Fantasy Halloween Shooter\src\CollisionManager.cpp(11,15): warning C4244: 'initializing': conversion from 'T' to 'int', possible loss of data
          with
          [
              T=float
          ]
G:\Semester 4 - Web Game Programming with C++\Fantasy Halloween Shooter\src\CollisionManager.cpp(21,18): warning C4244: 'initializing': conversion from 'float' to 'int', possible loss of data
G:\Semester 4 - Web Game Programming with C++\Fantasy Halloween Shooter\src\CollisionManager.cpp(74,16): warning C4244: 'initializing': conversion from 'int' to 'float', possible loss of data
G:\Semester 4 - Web Game Programming with C++\Fantasy Halloween Shooter\src\CollisionManager.cpp(75,17): warning C4244: 'initializing': conversion from 'int' to 'float', possible loss of data
G:\Semester 4 - Web Game Programming with C++\Fantasy Halloween Shooter\src\CollisionManager.cpp(76,16): warning C4244: 'initializing': conversion from 'int' to 'float', possible loss of data
G:\Semester 4 - Web Game Programming with C++\Fantasy Halloween Shooter\src\CollisionManager.cpp(77,17): warning C4244: 'initializing': conversion from 'int' to 'float', possible loss of data
G:\Semester 4 - Web Game Programming with C++\Fantasy Halloween Shooter\src\CollisionManager.cpp(98,4): warning C4065: switch statement contains 'default' but no 'case' labels
G:\Semester 4 - Web Game Programming with C++\Fantasy Halloween Shooter\src\CollisionManager.cpp(193,9): warning C4244: 'return': conversion from 'float' to 'int', possible loss of data
G:\Semester 4 - Web Game Programming with C++\Fantasy Halloween Shooter\src\CollisionManager.cpp(203,19): warning C4244: 'return': conversion from 'float' to 'int', possible loss of data
G:\Semester 4 - Web Game Programming with C++\Fantasy Halloween Shooter\src\CollisionManager.cpp(210,19): warning C4244: 'initializing': conversion from 'const _Ty' to 'int', possible loss of data
          with
          [
              _Ty=float
          ]
G:\Semester 4 - Web Game Programming with C++\Fantasy Halloween Shooter\src\CollisionManager.cpp(213,19): warning C4244: 'initializing': conversion from 'float' to 'int', possible loss of data
G:\Semester 4 - Web Game Programming with C++\Fantasy Halloween Shooter\src\CollisionManager.cpp(215,20): warning C4244: 'initializing': conversion from 'float' to 'int', possible loss of data
  Dragon.cpp
G:\Semester 4 - Web Game Programming with C++\Fantasy Halloween Shooter\src\Dragon.cpp(10,15): warning C4244: 'argument': conversion from 'T' to 'int', possible loss of data
          with
          [
              T=float
          ]
G:\Semester 4 - Web Game Programming with C++\Fantasy Halloween Shooter\src\Dragon.cpp(11,16): warning C4244: 'argument': conversion from 'T' to 'int', possible loss of data
          with
          [
              T=float
          ]
G:\Semester 4 - Web Game Programming with C++\Fantasy Halloween Shooter\src\Dragon.cpp(31,17): warning C4244: 'initializing': conversion from 'T' to 'int', possible loss of data
          with
          [
              T=float
          ]
G:\Semester 4 - Web Game Programming with C++\Fantasy Halloween Shooter\src\Dragon.cpp(32,17): warning C4244: 'initializing': conversion from 'T' to 'int', possible loss of data
          with
          [
              T=float
          ]
G:\Semester 4 - Web Game Programming with C++\Fantasy Halloween Shooter\src\Dragon.cpp(83,35): warning C4244: '=': conversion from 'int' to 'T', possible loss of data
          with
          [
              T=float
          ]
G:\Semester 4 - Web Game Programming with C++\Fantasy Halloween Shooter\src\Dragon.cpp(84,71): warning C4244: '=': conversion from 'double' to 'T', possible loss of data
          with
          [
              T=float
          ]
  EndScene.cpp
  Enemy.cpp
G:\Semester 4 - Web Game Programming with C++\Fantasy Halloween Shooter\src\Enemy.cpp(11,15): warning C4244: 'argument': conversion from 'T' to 'int', possible loss of data
          with
          [
              T=float
          ]
G:\Semester 4 - Web Game Programming with C++\Fantasy Halloween Shooter\src\Enemy.cpp(12,16): warning C4244: 'argument': conversion from 'T' to 'int', possible loss of data
          with
          [
              T=float
          ]
G:\Semester 4 - Web Game Programming with C++\Fantasy Halloween Shooter\src\Enemy.cpp(24,17): warning C4244: 'initializing': conversion from 'T' to 'int', possible loss of data
          with
          [
              T=float
          ]
G:\Semester 4 - Web Game Programming with C++\Fantasy Halloween Shooter\src\Enemy.cpp(25,17): warning C4244: 'initializing': conversion from 'T' to 'int', possible loss of data
          with
          [
              T=float
          ]
G:\Semester 4 - Web Game Programming with C++\Fantasy Halloween Shooter\src\Enemy.cpp(83,37): warning C4244: '=': conversion from 'double' to 'int', possible loss of data
G:\Semester 4 - Web Game Programming with C++\Fantasy Halloween Shooter\src\Enemy.cpp(86,38): warning C4244: '=': conversion from 'double' to 'int', possible loss of data
G:\Semester 4 - Web Game Programming with C++\Fantasy Halloween Shooter\src\Enemy.cpp(89,38): warning C4244: '=': conversion from 'double' to 'int', possible loss of data
G:\Semester 4 - Web Game Programming with C++\Fantasy Halloween Shooter\src\Enemy.cpp(92,17): warning C4244: 'initializing': conversion from 'T' to 'int', possible loss of data
          with
          [
              T=float
          ]
  EnemyBullet.cpp
G:\Semester 4 - Web Game Programming with C++\Fantasy Halloween Shooter\src\EnemyBullet.cpp(27,17): warning C4244: 'initializing': conversion from 'T' to 'int', possible loss of data
          with
          [
              T=float
          ]
G:\Semester 4 - Web Game Programming with C++\Fantasy Halloween Shooter\src\EnemyBullet.cpp(28,17): warning C4244: 'initializing': conversion from 'T' to 'int', possible loss of data
          with
          [
              T=float
          ]
  FinalLevel.cpp
G:\Semester 4 - Web Game Programming with C++\Fantasy Halloween Shooter\src\FinalLevel.cpp(127,36): warning C4244: '=': conversion from 'Sint32' to 'T', possible loss of data
          with
          [
              T=float
          ]
G:\Semester 4 - Web Game Programming with C++\Fantasy Halloween Shooter\src\FinalLevel.cpp(128,36): warning C4244: '=': conversion from 'Sint32' to 'T', possible loss of data
          with
          [
              T=float
          ]
  FinalLevelButton.cpp
  FontManager.cpp
  Game.cpp
  HomeButton.cpp
  InstructionsButton.cpp
  InstructionsScene.cpp
G:\Semester 4 - Web Game Programming with C++\Fantasy Halloween Shooter\src\InstructionsScene.cpp(73,36): warning C4244: '=': conversion from 'Sint32' to 'T', possible loss of data
          with
          [
              T=float
          ]
G:\Semester 4 - Web Game Programming with C++\Fantasy Halloween Shooter\src\InstructionsScene.cpp(74,36): warning C4244: '=': conversion from 'Sint32' to 'T', possible loss of data
          with
          [
              T=float
          ]
  Label.cpp
G:\Semester 4 - Web Game Programming with C++\Fantasy Halloween Shooter\src\Label.cpp(16,15): warning C4244: 'argument': conversion from 'T' to 'int', possible loss of data
          with
          [
              T=float
          ]
G:\Semester 4 - Web Game Programming with C++\Fantasy Halloween Shooter\src\Label.cpp(17,16): warning C4244: 'argument': conversion from 'T' to 'int', possible loss of data
          with
          [
              T=float
          ]
G:\Semester 4 - Web Game Programming with C++\Fantasy Halloween Shooter\src\Label.cpp(28,17): warning C4244: 'initializing': conversion from 'T' to 'int', possible loss of data
          with
          [
              T=float
          ]
G:\Semester 4 - Web Game Programming with C++\Fantasy Halloween Shooter\src\Label.cpp(29,17): warning C4244: 'initializing': conversion from 'T' to 'int', possible loss of data
          with
          [
              T=float
          ]
G:\Semester 4 - Web Game Programming with C++\Fantasy Halloween Shooter\src\Label.cpp(54,15): warning C4244: 'argument': conversion from 'T' to 'int', possible loss of data
          with
          [
              T=float
          ]
G:\Semester 4 - Web Game Programming with C++\Fantasy Halloween Shooter\src\Label.cpp(55,16): warning C4244: 'argument': conversion from 'T' to 'int', possible loss of data
          with
          [
              T=float
          ]
G:\Semester 4 - Web Game Programming with C++\Fantasy Halloween Shooter\src\Label.cpp(75,15): warning C4244: 'argument': conversion from 'T' to 'int', possible loss of data
          with
          [
              T=float
          ]
G:\Semester 4 - Web Game Programming with C++\Fantasy Halloween Shooter\src\Label.cpp(76,16): warning C4244: 'argument': conversion from 'T' to 'int', possible loss of data
          with
          [
              T=float
          ]
  Level1Scene.cpp
G:\Semester 4 - Web Game Programming with C++\Fantasy Halloween Shooter\src\Level1Scene.cpp(125,36): warning C4244: '=': conversion from 'Sint32' to 'T', possible loss of data
          with
          [
              T=float
          ]
G:\Semester 4 - Web Game Programming with C++\Fantasy Halloween Shooter\src\Level1Scene.cpp(126,36): warning C4244: '=': conversion from 'Sint32' to 'T', possible loss of data
          with
          [
              T=float
          ]
  main.cpp
G:\Semester 4 - Web Game Programming with C++\Fantasy Halloween Shooter\src\main.cpp(28,32): warning C4244: 'initializing': conversion from 'float' to 'int', possible loss of data
  MediumBoss.cpp
  Generating Code...
  Compiling...
  NextLevelButton.cpp
  PowerUp.cpp
G:\Semester 4 - Web Game Programming with C++\Fantasy Halloween Shooter\src\PowerUp.cpp(9,15): warning C4244: 'argument': conversion from 'T' to 'int', possible loss of data
          with
          [
              T=float
          ]
G:\Semester 4 - Web Game Programming with C++\Fantasy Halloween Shooter\src\PowerUp.cpp(10,16): warning C4244: 'argument': conversion from 'T' to 'int', possible loss of data
          with
          [
              T=float
          ]
G:\Semester 4 - Web Game Programming with C++\Fantasy Halloween Shooter\src\PowerUp.cpp(26,17): warning C4244: 'initializing': conversion from 'T' to 'int', possible loss of data
          with
          [
              T=float
          ]
G:\Semester 4 - Web Game Programming with C++\Fantasy Halloween Shooter\src\PowerUp.cpp(27,17): warning C4244: 'initializing': conversion from 'T' to 'int', possible loss of data
          with
          [
              T=float
          ]
G:\Semester 4 - Web Game Programming with C++\Fantasy Halloween Shooter\src\PowerUp.cpp(30,42): warning C4244: 'argument': conversion from 'float' to 'int', possible loss of data
  ScoreBoardManager.cpp
  Player.cpp
G:\Semester 4 - Web Game Programming with C++\Fantasy Halloween Shooter\src\Player.cpp(19,15): warning C4244: 'argument': conversion from 'T' to 'int', possible loss of data
          with
          [
              T=float
          ]
G:\Semester 4 - Web Game Programming with C++\Fantasy Halloween Shooter\src\Player.cpp(20,16): warning C4244: 'argument': conversion from 'T' to 'int', possible loss of data
          with
          [
              T=float
          ]
G:\Semester 4 - Web Game Programming with C++\Fantasy Halloween Shooter\src\Player.cpp(43,17): warning C4244: 'initializing': conversion from 'T' to 'int', possible loss of data
          with
          [
              T=float
          ]
G:\Semester 4 - Web Game Programming with C++\Fantasy Halloween Shooter\src\Player.cpp(44,17): warning C4244: 'initializing': conversion from 'T' to 'int', possible loss of data
          with
          [
              T=float
          ]
G:\Semester 4 - Web Game Programming with C++\Fantasy Halloween Shooter\src\Player.cpp(240,16): warning C4244: 'initializing': conversion from 'double' to 'int', possible loss of data
  SmallEnemy.cpp
G:\Semester 4 - Web Game Programming with C++\Fantasy Halloween Shooter\src\SmallEnemy.cpp(89,35): warning C4244: '=': conversion from 'int' to 'T', possible loss of data
          with
          [
              T=float
          ]
G:\Semester 4 - Web Game Programming with C++\Fantasy Halloween Shooter\src\SmallEnemy.cpp(90,71): warning C4244: '=': conversion from 'double' to 'T', possible loss of data
          with
          [
              T=float
          ]
  StartButton.cpp
  StartScene.cpp
G:\Semester 4 - Web Game Programming with C++\Fantasy Halloween Shooter\src\StartScene.cpp(56,36): warning C4244: '=': conversion from 'Sint32' to 'T', possible loss of data
          with
          [
              T=float
          ]
G:\Semester 4 - Web Game Programming with C++\Fantasy Halloween Shooter\src\StartScene.cpp(57,36): warning C4244: '=': conversion from 'Sint32' to 'T', possible loss of data
          with
          [
              T=float
          ]
  ToFinalLevelScene.cpp
G:\Semester 4 - Web Game Programming with C++\Fantasy Halloween Shooter\src\ToFinalLevelScene.cpp(54,36): warning C4244: '=': conversion from 'Sint32' to 'T', possible loss of data
          with
          [
              T=float
          ]
G:\Semester 4 - Web Game Programming with C++\Fantasy Halloween Shooter\src\ToFinalLevelScene.cpp(55,36): warning C4244: '=': conversion from 'Sint32' to 'T', possible loss of data
          with
          [
              T=float
          ]
  Util.cpp
G:\Semester 4 - Web Game Programming with C++\Fantasy Halloween Shooter\src\Util.cpp(227,15): warning C4244: '=': conversion from 'double' to 'T', possible loss of data
          with
          [
              T=float
          ]
G:\Semester 4 - Web Game Programming with C++\Fantasy Halloween Shooter\src\Util.cpp(228,15): warning C4244: '=': conversion from 'double' to 'T', possible loss of data
          with
          [
              T=float
          ]
G:\Semester 4 - Web Game Programming with C++\Fantasy Halloween Shooter\src\Util.cpp(244,16): warning C4244: '=': conversion from 'double' to 'float', possible loss of data
G:\Semester 4 - Web Game Programming with C++\Fantasy Halloween Shooter\src\Util.cpp(276,8): warning C4244: 'initializing': conversion from 'float' to 'int', possible loss of data
G:\Semester 4 - Web Game Programming with C++\Fantasy Halloween Shooter\src\Util.cpp(277,8): warning C4244: 'initializing': conversion from 'float' to 'int', possible loss of data
G:\Semester 4 - Web Game Programming with C++\Fantasy Halloween Shooter\src\Util.cpp(278,8): warning C4244: 'initializing': conversion from 'float' to 'int', possible loss of data
G:\Semester 4 - Web Game Programming with C++\Fantasy Halloween Shooter\src\Util.cpp(279,8): warning C4244: 'initializing': conversion from 'float' to 'int', possible loss of data
G:\Semester 4 - Web Game Programming with C++\Fantasy Halloween Shooter\src\Util.cpp(284,59): warning C4244: 'argument': conversion from 'T' to 'int', possible loss of data
          with
          [
              T=float
          ]
G:\Semester 4 - Web Game Programming with C++\Fantasy Halloween Shooter\src\Util.cpp(284,52): warning C4244: 'argument': conversion from 'T' to 'int', possible loss of data
          with
          [
              T=float
          ]
G:\Semester 4 - Web Game Programming with C++\Fantasy Halloween Shooter\src\Util.cpp(284,45): warning C4244: 'argument': conversion from 'T' to 'int', possible loss of data
          with
          [
              T=float
          ]
G:\Semester 4 - Web Game Programming with C++\Fantasy Halloween Shooter\src\Util.cpp(284,36): warning C4244: 'argument': conversion from 'T' to 'int', possible loss of data
          with
          [
              T=float
          ]
G:\Semester 4 - Web Game Programming with C++\Fantasy Halloween Shooter\src\Util.cpp(290,8): warning C4244: 'initializing': conversion from 'float' to 'int', possible loss of data
G:\Semester 4 - Web Game Programming with C++\Fantasy Halloween Shooter\src\Util.cpp(291,8): warning C4244: 'initializing': conversion from 'float' to 'int', possible loss of data
G:\Semester 4 - Web Game Programming with C++\Fantasy Halloween Shooter\src\Util.cpp(292,8): warning C4244: 'initializing': conversion from 'float' to 'int', possible loss of data
G:\Semester 4 - Web Game Programming with C++\Fantasy Halloween Shooter\src\Util.cpp(293,8): warning C4244: 'initializing': conversion from 'float' to 'int', possible loss of data
G:\Semester 4 - Web Game Programming with C++\Fantasy Halloween Shooter\src\Util.cpp(296,24): warning C4244: '=': conversion from 'T' to 'int', possible loss of data
          with
          [
              T=float
          ]
G:\Semester 4 - Web Game Programming with C++\Fantasy Halloween Shooter\src\Util.cpp(297,24): warning C4244: '=': conversion from 'T' to 'int', possible loss of data
          with
          [
              T=float
          ]
G:\Semester 4 - Web Game Programming with C++\Fantasy Halloween Shooter\src\Util.cpp(310,8): warning C4244: 'initializing': conversion from 'float' to 'int', possible loss of data
G:\Semester 4 - Web Game Programming with C++\Fantasy Halloween Shooter\src\Util.cpp(311,8): warning C4244: 'initializing': conversion from 'float' to 'int', possible loss of data
G:\Semester 4 - Web Game Programming with C++\Fantasy Halloween Shooter\src\Util.cpp(312,8): warning C4244: 'initializing': conversion from 'float' to 'int', possible loss of data
G:\Semester 4 - Web Game Programming with C++\Fantasy Halloween Shooter\src\Util.cpp(313,8): warning C4244: 'initializing': conversion from 'float' to 'int', possible loss of data
G:\Semester 4 - Web Game Programming with C++\Fantasy Halloween Shooter\src\Util.cpp(318,15): warning C4244: 'initializing': conversion from 'float' to 'int', possible loss of data
G:\Semester 4 - Web Game Programming with C++\Fantasy Halloween Shooter\src\Util.cpp(332,57): warning C4244: 'argument': conversion from 'T' to 'int', possible loss of data
          with
          [
              T=float
          ]
G:\Semester 4 - Web Game Programming with C++\Fantasy Halloween Shooter\src\Util.cpp(332,43): warning C4244: 'argument': conversion from 'T' to 'int', possible loss of data
          with
          [
              T=float
          ]
G:\Semester 4 - Web Game Programming with C++\Fantasy Halloween Shooter\src\Util.cpp(333,57): warning C4244: 'argument': conversion from 'T' to 'int', possible loss of data
          with
          [
              T=float
          ]
G:\Semester 4 - Web Game Programming with C++\Fantasy Halloween Shooter\src\Util.cpp(333,43): warning C4244: 'argument': conversion from 'T' to 'int', possible loss of data
          with
          [
              T=float
          ]
G:\Semester 4 - Web Game Programming with C++\Fantasy Halloween Shooter\src\Util.cpp(334,57): warning C4244: 'argument': conversion from 'T' to 'int', possible loss of data
          with
          [
              T=float
          ]
G:\Semester 4 - Web Game Programming with C++\Fantasy Halloween Shooter\src\Util.cpp(334,43): warning C4244: 'argument': conversion from 'T' to 'int', possible loss of data
          with
          [
              T=float
          ]
G:\Semester 4 - Web Game Programming with C++\Fantasy Halloween Shooter\src\Util.cpp(335,57): warning C4244: 'argument': conversion from 'T' to 'int', possible loss of data
          with
          [
              T=float
          ]
G:\Semester 4 - Web Game Programming with C++\Fantasy Halloween Shooter\src\Util.cpp(335,43): warning C4244: 'argument': conversion from 'T' to 'int', possible loss of data
          with
          [
              T=float
          ]
G:\Semester 4 - Web Game Programming with C++\Fantasy Halloween Shooter\src\Util.cpp(339,57): warning C4244: 'argument': conversion from 'T' to 'int', possible loss of data
          with
          [
              T=float
          ]
G:\Semester 4 - Web Game Programming with C++\Fantasy Halloween Shooter\src\Util.cpp(339,43): warning C4244: 'argument': conversion from 'T' to 'int', possible loss of data
          with
          [
              T=float
          ]
G:\Semester 4 - Web Game Programming with C++\Fantasy Halloween Shooter\src\Util.cpp(340,57): warning C4244: 'argument': conversion from 'T' to 'int', possible loss of data
          with
          [
              T=float
          ]
G:\Semester 4 - Web Game Programming with C++\Fantasy Halloween Shooter\src\Util.cpp(340,43): warning C4244: 'argument': conversion from 'T' to 'int', possible loss of data
          with
          [
              T=float
          ]
G:\Semester 4 - Web Game Programming with C++\Fantasy Halloween Shooter\src\Util.cpp(341,57): warning C4244: 'argument': conversion from 'T' to 'int', possible loss of data
          with
          [
              T=float
          ]
G:\Semester 4 - Web Game Programming with C++\Fantasy Halloween Shooter\src\Util.cpp(341,43): warning C4244: 'argument': conversion from 'T' to 'int', possible loss of data
          with
          [
              T=float
          ]
G:\Semester 4 - Web Game Programming with C++\Fantasy Halloween Shooter\src\Util.cpp(342,57): warning C4244: 'argument': conversion from 'T' to 'int', possible loss of data
          with
          [
              T=float
          ]
G:\Semester 4 - Web Game Programming with C++\Fantasy Halloween Shooter\src\Util.cpp(342,43): warning C4244: 'argument': conversion from 'T' to 'int', possible loss of data
          with
          [
              T=float
          ]
G:\Semester 4 - Web Game Programming with C++\Fantasy Halloween Shooter\src\Util.cpp(346,57): warning C4244: 'argument': conversion from 'T' to 'int', possible loss of data
          with
          [
              T=float
          ]
G:\Semester 4 - Web Game Programming with C++\Fantasy Halloween Shooter\src\Util.cpp(346,43): warning C4244: 'argument': conversion from 'T' to 'int', possible loss of data
          with
          [
              T=float
          ]
G:\Semester 4 - Web Game Programming with C++\Fantasy Halloween Shooter\src\Util.cpp(347,57): warning C4244: 'argument': conversion from 'T' to 'int', possible loss of data
          with
          [
              T=float
          ]
G:\Semester 4 - Web Game Programming with C++\Fantasy Halloween Shooter\src\Util.cpp(347,43): warning C4244: 'argument': conversion from 'T' to 'int', possible loss of data
          with
          [
              T=float
          ]
G:\Semester 4 - Web Game Programming with C++\Fantasy Halloween Shooter\src\Util.cpp(348,57): warning C4244: 'argument': conversion from 'T' to 'int', possible loss of data
          with
          [
              T=float
          ]
G:\Semester 4 - Web Game Programming with C++\Fantasy Halloween Shooter\src\Util.cpp(348,43): warning C4244: 'argument': conversion from 'T' to 'int', possible loss of data
          with
          [
              T=float
          ]
G:\Semester 4 - Web Game Programming with C++\Fantasy Halloween Shooter\src\Util.cpp(349,57): warning C4244: 'argument': conversion from 'T' to 'int', possible loss of data
          with
          [
              T=float
          ]
G:\Semester 4 - Web Game Programming with C++\Fantasy Halloween Shooter\src\Util.cpp(349,43): warning C4244: 'argument': conversion from 'T' to 'int', possible loss of data
          with
          [
              T=float
          ]
G:\Semester 4 - Web Game Programming with C++\Fantasy Halloween Shooter\src\Util.cpp(353,57): warning C4244: 'argument': conversion from 'T' to 'int', possible loss of data
          with
          [
              T=float
          ]
G:\Semester 4 - Web Game Programming with C++\Fantasy Halloween Shooter\src\Util.cpp(353,43): warning C4244: 'argument': conversion from 'T' to 'int', possible loss of data
          with
          [
              T=float
          ]
G:\Semester 4 - Web Game Programming with C++\Fantasy Halloween Shooter\src\Util.cpp(354,57): warning C4244: 'argument': conversion from 'T' to 'int', possible loss of data
          with
          [
              T=float
          ]
G:\Semester 4 - Web Game Programming with C++\Fantasy Halloween Shooter\src\Util.cpp(354,43): warning C4244: 'argument': conversion from 'T' to 'int', possible loss of data
          with
          [
              T=float
          ]
G:\Semester 4 - Web Game Programming with C++\Fantasy Halloween Shooter\src\Util.cpp(355,57): warning C4244: 'argument': conversion from 'T' to 'int', possible loss of data
          with
          [
              T=float
          ]
G:\Semester 4 - Web Game Programming with C++\Fantasy Halloween Shooter\src\Util.cpp(355,43): warning C4244: 'argument': conversion from 'T' to 'int', possible loss of data
          with
          [
              T=float
          ]
G:\Semester 4 - Web Game Programming with C++\Fantasy Halloween Shooter\src\Util.cpp(356,57): warning C4244: 'argument': conversion from 'T' to 'int', possible loss of data
          with
          [
              T=float
          ]
G:\Semester 4 - Web Game Programming with C++\Fantasy Halloween Shooter\src\Util.cpp(356,43): warning C4244: 'argument': conversion from 'T' to 'int', possible loss of data
          with
          [
              T=float
          ]
G:\Semester 4 - Web Game Programming with C++\Fantasy Halloween Shooter\src\Util.cpp(360,57): warning C4244: 'argument': conversion from 'T' to 'int', possible loss of data
          with
          [
              T=float
          ]
G:\Semester 4 - Web Game Programming with C++\Fantasy Halloween Shooter\src\Util.cpp(360,43): warning C4244: 'argument': conversion from 'T' to 'int', possible loss of data
          with
          [
              T=float
          ]
G:\Semester 4 - Web Game Programming with C++\Fantasy Halloween Shooter\src\Util.cpp(361,57): warning C4244: 'argument': conversion from 'T' to 'int', possible loss of data
          with
          [
              T=float
          ]
G:\Semester 4 - Web Game Programming with C++\Fantasy Halloween Shooter\src\Util.cpp(361,43): warning C4244: 'argument': conversion from 'T' to 'int', possible loss of data
          with
          [
              T=float
          ]
G:\Semester 4 - Web Game Programming with C++\Fantasy Halloween Shooter\src\Util.cpp(362,57): warning C4244: 'argument': conversion from 'T' to 'int', possible loss of data
          with
          [
              T=float
          ]
G:\Semester 4 - Web Game Programming with C++\Fantasy Halloween Shooter\src\Util.cpp(362,43): warning C4244: 'argument': conversion from 'T' to 'int', possible loss of data
          with
          [
              T=float
          ]
G:\Semester 4 - Web Game Programming with C++\Fantasy Halloween Shooter\src\Util.cpp(363,57): warning C4244: 'argument': conversion from 'T' to 'int', possible loss of data
          with
          [
              T=float
          ]
G:\Semester 4 - Web Game Programming with C++\Fantasy Halloween Shooter\src\Util.cpp(363,43): warning C4244: 'argument': conversion from 'T' to 'int', possible loss of data
          with
          [
              T=float
          ]
G:\Semester 4 - Web Game Programming with C++\Fantasy Halloween Shooter\src\Util.cpp(364,57): warning C4244: 'argument': conversion from 'T' to 'int', possible loss of data
          with
          [
              T=float
          ]
G:\Semester 4 - Web Game Programming with C++\Fantasy Halloween Shooter\src\Util.cpp(364,43): warning C4244: 'argument': conversion from 'T' to 'int', possible loss of data
          with
          [
              T=float
          ]
G:\Semester 4 - Web Game Programming with C++\Fantasy Halloween Shooter\src\Util.cpp(365,57): warning C4244: 'argument': conversion from 'T' to 'int', possible loss of data
          with
          [
              T=float
          ]
G:\Semester 4 - Web Game Programming with C++\Fantasy Halloween Shooter\src\Util.cpp(365,43): warning C4244: 'argument': conversion from 'T' to 'int', possible loss of data
          with
          [
              T=float
          ]
G:\Semester 4 - Web Game Programming with C++\Fantasy Halloween Shooter\src\Util.cpp(366,57): warning C4244: 'argument': conversion from 'T' to 'int', possible loss of data
          with
          [
              T=float
          ]
G:\Semester 4 - Web Game Programming with C++\Fantasy Halloween Shooter\src\Util.cpp(366,43): warning C4244: 'argument': conversion from 'T' to 'int', possible loss of data
          with
          [
              T=float
          ]
G:\Semester 4 - Web Game Programming with C++\Fantasy Halloween Shooter\src\Util.cpp(367,57): warning C4244: 'argument': conversion from 'T' to 'int', possible loss of data
          with
          [
              T=float
          ]
G:\Semester 4 - Web Game Programming with C++\Fantasy Halloween Shooter\src\Util.cpp(367,43): warning C4244: 'argument': conversion from 'T' to 'int', possible loss of data
          with
          [
              T=float
          ]
G:\Semester 4 - Web Game Programming with C++\Fantasy Halloween Shooter\src\Util.cpp(394,16): warning C4244: 'initializing': conversion from 'float' to 'int', possible loss of data
G:\Semester 4 - Web Game Programming with C++\Fantasy Halloween Shooter\src\Util.cpp(395,17): warning C4244: 'initializing': conversion from 'float' to 'int', possible loss of data
G:\Semester 4 - Web Game Programming with C++\Fantasy Halloween Shooter\src\Util.cpp(400,23): warning C4244: '=': conversion from 'float' to 'int', possible loss of data
G:\Semester 4 - Web Game Programming with C++\Fantasy Halloween Shooter\src\Util.cpp(410,22): warning C4244: '=': conversion from 'float' to 'int', possible loss of data
G:\Semester 4 - Web Game Programming with C++\Fantasy Halloween Shooter\src\Util.cpp(419,19): warning C4244: '=': conversion from 'float' to 'int', possible loss of data
  Generating Code...
  Template.vcxproj -> G:\Semester 4 - Web Game Programming with C++\Fantasy Halloween Shooter\bin\Debug\Template.exe
